<?xml version="1.0" encoding="UTF-8"?>
<!-- Generated by org.testng.reporters.JUnitXMLReporter -->
<testsuite ignored="0" hostname="LAPTOP-F1RTPFD0" failures="0" tests="1" name="Test" time="0.039" errors="0" timestamp="2025-02-13T22:58:44 IST">
  <testcase classname="com.naukari_app.qa.base.TestBase" name="@BeforeMethod initialization" time="-1.739467724463E9">
    <failure type="org.testng.TestNGException" message="
Parameter &amp;apos;browser&amp;apos; is required by BeforeMethod on method initialization but has not been marked @Optional or defined
in C:\Users\MADHU E\eclipse-workspace\Web_Browser\testng.xml">
      <![CDATA[org.testng.TestNGException: 
Parameter 'browser' is required by BeforeMethod on method initialization but has not been marked @Optional or defined
in C:\Users\MADHU E\eclipse-workspace\Web_Browser\testng.xml
at java.base/java.util.ArrayList.forEach(ArrayList.java:1511)
at java.base/java.util.concurrent.FutureTask.run(FutureTask.java:264)
at java.base/java.util.concurrent.ThreadPoolExecutor.runWorker(ThreadPoolExecutor.java:1136)
at java.base/java.util.concurrent.ThreadPoolExecutor$Worker.run(ThreadPoolExecutor.java:635)
at java.base/java.lang.Thread.run(Thread.java:842)
... Removed 19 stack frames]]>
    </failure>
  </testcase> <!-- @BeforeMethod initialization -->
  <testcase classname="com.naukari_app.qa.base.TestBase" name="@AfterMethod tearDown" time="-1.739467724476E9">
    <skipped/>
  </testcase> <!-- @AfterMethod tearDown -->
  <testcase classname="com.naukari.test_cases.user_side.Test_1_Naukari_Tests" name="User_login" time="0.0">
    <skipped/>
  </testcase> <!-- User_login -->
</testsuite> <!-- Test -->
